<?xml version="1.0" encoding="UTF-8"?>
<testsuite name="EvalVisitorTest" tests="1" skipped="0" failures="0" errors="0" timestamp="2023-11-28T22:00:55" hostname="G5F7LG71QQ" time="0.04">
  <properties/>
  <testcase name="complex boolean()" classname="EvalVisitorTest" time="0.04"/>
  <system-out><![CDATA[]]></system-out>
  <system-err><![CDATA[]]></system-err>
</testsuite>
